<?xml version="1.0" encoding="UTF-8"?>
<!-- Generated by org.testng.reporters.JUnitXMLReporter -->
<testsuite hostname="FVFZM5TLLYWG" ignored="0" name="Default test" tests="4" failures="0" timestamp="2021-01-13T00:33:17 CET" time="12.022" errors="0">
  <testcase name="clickregister0" time="0.924" classname="com.demotours.tests.RegisterTestPF"/>
  <testcase name="verifytitle" time="0.26" classname="com.demotours.tests.RegisterTestPF"/>
  <testcase name="enterform" time="2.703" classname="com.demotours.tests.RegisterTestPF"/>
  <testcase name="verifyusername" time="0.559" classname="com.demotours.tests.RegisterTestPF"/>
</testsuite> <!-- Default test -->
