<?xml version="1.0" encoding="UTF-8"?>
<!-- Generated by org.testng.reporters.JUnitXMLReporter -->
<testsuite hostname="FVFZM5TLLYWG" ignored="0" name="Test" tests="7" failures="0" timestamp="2021-01-13T00:34:43 CET" time="15.302" errors="0">
  <testcase name="clickonSignIn" time="0.916" classname="com.demotours.tests.SignInTestPF"/>
  <testcase name="enterCredentialsandsubmit" time="1.419" classname="com.demotours.tests.SignInTestPF"/>
  <testcase name="signoff" time="0.267" classname="com.demotours.tests.SignInTestPF"/>
  <testcase name="clickregister0" time="0.725" classname="com.demotours.tests.RegisterTestPF"/>
  <testcase name="verifytitle" time="0.102" classname="com.demotours.tests.RegisterTestPF"/>
  <testcase name="enterform" time="3.481" classname="com.demotours.tests.RegisterTestPF"/>
  <testcase name="verifyusername" time="0.376" classname="com.demotours.tests.RegisterTestPF"/>
</testsuite> <!-- Test -->
